2024-12-28 20:12:30,578 [INFO] Activator:176 - 


2024-12-28 20:12:30,583 [INFO] Activator:177 - !SESSION log4j initialized
2024-12-28 20:12:36,162 [INFO] LogOutputStream:77 - [STDOUT_REDIRECT] 
2024-12-28 20:12:37,300 [INFO] ApplicationProperties:184 - Using Application install path: /opt/st/stm32cubeide_1.17.0/plugins/com.st.stm32cube.common.mx_6.13.0.202411220809
2024-12-28 20:12:37,318 [INFO] DbMcusXml:78 - Set database path to: /opt/st/stm32cubeide_1.17.0/plugins/com.st.stm32cube.common.mx_6.13.0.202411220809//db//mcu/
2024-12-28 20:12:37,318 [INFO] ApiDb:274 - Set plugin database path to: /opt/st/stm32cubeide_1.17.0/plugins/com.st.stm32cube.common.mx_6.13.0.202411220809//db//plugins/boardmanager/
2024-12-28 20:12:37,319 [WARN] ApiDb:259 - Overriding images path with different value:  => /opt/st/stm32cubeide_1.17.0/plugins/com.st.stm32cube.common.mx_6.13.0.202411220809//db//plugins/mcufinder/images/
2024-12-28 20:12:37,325 [INFO] ApiDb:250 - Set database path to: /home/michael/.stmcufinder/plugins/mcufinder//mcu/
2024-12-28 20:12:37,326 [INFO] DbMcusAds:125 - Set database path to: /home/michael/.stmcufinder/plugins/mcufinder//mcu/
2024-12-28 20:12:37,329 [INFO] CrossReferenceDbSqlite:203 - Set database path to: /home/michael/.stmcufinder/plugins/mcufinder//mcu/cs/
2024-12-28 20:12:37,475 [INFO] RulesReader:64 - Compatibility file has been processed (297 Rules)
2024-12-28 20:12:37,550 [INFO] DbMcusXml:78 - Set database path to: /opt/st/stm32cubeide_1.17.0/plugins/com.st.stm32cube.common.mx_6.13.0.202411220809//db//mcu/
2024-12-28 20:12:37,550 [INFO] ApiDb:274 - Set plugin database path to: /opt/st/stm32cubeide_1.17.0/plugins/com.st.stm32cube.common.mx_6.13.0.202411220809//db//plugins/boardmanager/
2024-12-28 20:12:37,551 [INFO] ApiDb:261 - Set plugin images path to: /opt/st/stm32cubeide_1.17.0/plugins/com.st.stm32cube.common.mx_6.13.0.202411220809//db//plugins/mcufinder/images/
2024-12-28 20:12:37,551 [WARN] DbFile:41 - Overriding database path with different value: /home/michael/.stmcufinder/plugins/mcufinder/ => /home/michael/.stmcufinder/plugins/mcufinder
2024-12-28 20:12:37,551 [INFO] ApiDb:250 - Set database path to: /home/michael/.stmcufinder/plugins/mcufinder//mcu/
2024-12-28 20:12:37,551 [WARN] DbFile:41 - Overriding database path with different value: /home/michael/.stmcufinder/plugins/mcufinder/ => /home/michael/.stmcufinder/plugins/mcufinder
2024-12-28 20:12:37,552 [INFO] DbMcusAds:125 - Set database path to: /home/michael/.stmcufinder/plugins/mcufinder//mcu/
2024-12-28 20:12:37,552 [WARN] DbFile:41 - Overriding database path with different value: /home/michael/.stmcufinder/plugins/mcufinder/ => /home/michael/.stmcufinder/plugins/mcufinder
2024-12-28 20:12:37,552 [WARN] DbFile:41 - Overriding database path with different value: /home/michael/.stmcufinder/plugins/mcufinder/ => /home/michael/.stmcufinder/plugins/mcufinder
2024-12-28 20:12:37,552 [INFO] CrossReferenceDbSqlite:203 - Set database path to: /home/michael/.stmcufinder/plugins/mcufinder//mcu/cs/
2024-12-28 20:12:37,629 [INFO] MainPanel:272 - HeapMemory: 268435456
2024-12-28 20:12:37,782 [INFO] DbMcusXml:78 - Set database path to: /opt/st/stm32cubeide_1.17.0/plugins/com.st.stm32cube.common.mx_6.13.0.202411220809//db//mcu/
2024-12-28 20:12:37,782 [INFO] ApiDb:274 - Set plugin database path to: /opt/st/stm32cubeide_1.17.0/plugins/com.st.stm32cube.common.mx_6.13.0.202411220809//db//plugins/boardmanager/
2024-12-28 20:12:37,782 [INFO] ApiDb:261 - Set plugin images path to: /opt/st/stm32cubeide_1.17.0/plugins/com.st.stm32cube.common.mx_6.13.0.202411220809//db//plugins/mcufinder/images/
2024-12-28 20:12:37,782 [WARN] DbFile:41 - Overriding database path with different value: /home/michael/.stmcufinder/plugins/mcufinder/ => /home/michael/.stmcufinder/plugins/mcufinder
2024-12-28 20:12:37,783 [INFO] ApiDb:250 - Set database path to: /home/michael/.stmcufinder/plugins/mcufinder//mcu/
2024-12-28 20:12:37,783 [WARN] DbFile:41 - Overriding database path with different value: /home/michael/.stmcufinder/plugins/mcufinder/ => /home/michael/.stmcufinder/plugins/mcufinder
2024-12-28 20:12:37,783 [INFO] DbMcusAds:125 - Set database path to: /home/michael/.stmcufinder/plugins/mcufinder//mcu/
2024-12-28 20:12:37,783 [WARN] DbFile:41 - Overriding database path with different value: /home/michael/.stmcufinder/plugins/mcufinder/ => /home/michael/.stmcufinder/plugins/mcufinder
2024-12-28 20:12:37,783 [WARN] DbFile:41 - Overriding database path with different value: /home/michael/.stmcufinder/plugins/mcufinder/ => /home/michael/.stmcufinder/plugins/mcufinder
2024-12-28 20:12:37,783 [INFO] CrossReferenceDbSqlite:203 - Set database path to: /home/michael/.stmcufinder/plugins/mcufinder//mcu/cs/
2024-12-28 20:12:37,802 [INFO] ApplicationProperties:184 - Using Application install path: /opt/st/stm32cubeide_1.17.0/plugins/com.st.stm32cube.common.mx_6.13.0.202411220809
2024-12-28 20:12:37,804 [INFO] PluginManage:196 - Search for loadable plugins [exclusion list=, ]
2024-12-28 20:12:37,805 [INFO] PluginManage:310 - Check plugin analytics
2024-12-28 20:12:38,003 [INFO] AnalyticsPlugin:253 - Accepted Software Licenses: STM32CubeMX.6.13.0
2024-12-28 20:12:38,003 [INFO] AnalyticsPlugin:255 - Accepted CMSIS Pack Licenses: 
2024-12-28 20:12:38,003 [INFO] AnalyticsPlugin:257 - Accepted Firmware Licenses: FW.F4.1.27.0,FW.F4.1.28.0,FW.F7.1.17.0
2024-12-28 20:12:38,007 [INFO] PluginManage:359 - Loaded plugin analytics (category:tool,tabindex:-1)
2024-12-28 20:12:38,007 [INFO] PluginManage:310 - Check plugin cadmodel
2024-12-28 20:12:38,013 [INFO] CADModel:105 - Init CAD model plugin
2024-12-28 20:12:38,013 [INFO] PluginManage:359 - Loaded plugin cadmodel (category:power,tabindex:5)
2024-12-28 20:12:38,013 [INFO] PluginManage:310 - Check plugin clock
2024-12-28 20:12:38,026 [INFO] PluginManage:359 - Loaded plugin clock (category:base,tabindex:2)
2024-12-28 20:12:38,026 [INFO] PluginManage:310 - Check plugin ddr
2024-12-28 20:12:38,029 [INFO] PluginManage:359 - Loaded plugin ddr (category:tool,tabindex:6)
2024-12-28 20:12:38,030 [INFO] PluginManage:310 - Check plugin filemanager
2024-12-28 20:12:38,201 [INFO] PluginManage:359 - Loaded plugin filemanager (category:base,tabindex:10)
2024-12-28 20:12:38,201 [INFO] PluginManage:310 - Check plugin ipmanager
2024-12-28 20:12:38,207 [INFO] PluginManage:359 - Loaded plugin ipmanager (category:base,tabindex:5)
2024-12-28 20:12:38,207 [INFO] PluginManage:310 - Check plugin lpbam
2024-12-28 20:12:38,217 [INFO] PluginManage:359 - Loaded plugin lpbam (category:base,tabindex:0)
2024-12-28 20:12:38,217 [INFO] PluginManage:310 - Check plugin memorymap
2024-12-28 20:12:38,231 [INFO] PluginManage:359 - Loaded plugin memorymap (category:base,tabindex:4)
2024-12-28 20:12:38,232 [INFO] PluginManage:310 - Check plugin pinoutandconfiguration
2024-12-28 20:12:38,242 [INFO] PluginManage:359 - Loaded plugin pinoutandconfiguration (category:base,tabindex:1)
2024-12-28 20:12:38,242 [INFO] PluginManage:310 - Check plugin pinoutconfig
2024-12-28 20:12:38,346 [WARN] SupportedApi:132 - Cannot load RTOS API schema: s4s-elt-must-match.1: The content of 'definitions' must match (annotation?, (simpleType | complexType)?, (unique | key | keyref)*)). A problem was found starting at: attribute.
2024-12-28 20:12:38,510 [INFO] PluginManage:359 - Loaded plugin pinoutconfig (category:base,tabindex:0)
2024-12-28 20:12:38,510 [INFO] PluginManage:310 - Check plugin power
2024-12-28 20:12:38,524 [INFO] PluginManage:359 - Loaded plugin power (category:power,tabindex:4)
2024-12-28 20:12:38,525 [INFO] PluginManage:310 - Check plugin projectmanager
2024-12-28 20:12:38,544 [INFO] PluginManage:359 - Loaded plugin projectmanager (category:projectmanager,tabindex:4)
2024-12-28 20:12:38,545 [INFO] PluginManage:310 - Check plugin rif
2024-12-28 20:12:38,554 [INFO] PluginManage:359 - Loaded plugin rif (category:base,tabindex:3)
2024-12-28 20:12:38,555 [INFO] PluginManage:310 - Check plugin thirdparty
2024-12-28 20:12:38,710 [WARN] IntegrityCheckThread:84 - waiting for thirdparty lock release [integrity check]
2024-12-28 20:12:38,711 [INFO] IntegrityCheckThread:86 - entering critical section [integrity check]
2024-12-28 20:12:38,711 [INFO] PluginManage:359 - Loaded plugin thirdparty (category:base,tabindex:-1)
2024-12-28 20:12:38,711 [INFO] PluginManage:310 - Check plugin tools
2024-12-28 20:12:38,711 [INFO] ThirdPartyUpdaterWithRetryManager:70 - Updater plugin not ready yet. [1/15]
2024-12-28 20:12:38,714 [INFO] PluginManage:359 - Loaded plugin tools (category:base,tabindex:7)
2024-12-28 20:12:38,714 [INFO] PluginManage:310 - Check plugin tutovideos
2024-12-28 20:12:38,922 [INFO] PluginManage:359 - Loaded plugin tutovideos (category:base,tabindex:-1)
2024-12-28 20:12:38,922 [INFO] PluginManage:310 - Check plugin updater
2024-12-28 20:12:38,953 [INFO] PluginManage:359 - Loaded plugin updater (category:base,tabindex:12)
2024-12-28 20:12:38,953 [INFO] PluginManage:310 - Check plugin userauth
2024-12-28 20:12:38,958 [INFO] UserAuth:118 - Init User Auth plugin
2024-12-28 20:12:38,959 [INFO] PluginManage:359 - Loaded plugin userauth (category:base,tabindex:14)
2024-12-28 20:12:38,959 [INFO] PluginManage:283 - PluginManage : Loaded plugins [18]
2024-12-28 20:12:39,171 [INFO] PinOutPanel:1589 - setPackage(No Configuration,No Configuration)
2024-12-28 20:12:39,256 [INFO] CADModel:165 - CPN selected for project level
2024-12-28 20:12:39,257 [INFO] CADModel:114 - Register for checkConnection events
2024-12-28 20:12:39,270 [INFO] IPUIPlugin:80 - create IPUIPlugin
2024-12-28 20:12:39,271 [INFO] PluginManager:220 - loadIPPluginJar : add cryp
2024-12-28 20:12:39,272 [INFO] IPUIPlugin:80 - create IPUIPlugin
2024-12-28 20:12:39,272 [INFO] PluginManager:220 - loadIPPluginJar : add genericplugin
2024-12-28 20:12:39,274 [INFO] IPUIPlugin:80 - create IPUIPlugin
2024-12-28 20:12:39,274 [INFO] PluginManager:220 - loadIPPluginJar : add ltdc
2024-12-28 20:12:39,277 [INFO] IPUIPlugin:80 - create IPUIPlugin
2024-12-28 20:12:39,277 [INFO] PluginManager:220 - loadIPPluginJar : add i2s
2024-12-28 20:12:39,287 [INFO] IPUIPlugin:80 - create IPUIPlugin
2024-12-28 20:12:39,287 [INFO] PluginManager:220 - loadIPPluginJar : add adc
2024-12-28 20:12:39,289 [INFO] IPUIPlugin:80 - create IPUIPlugin
2024-12-28 20:12:39,290 [INFO] PluginManager:220 - loadIPPluginJar : add tracer_emb
2024-12-28 20:12:39,292 [INFO] IPUIPlugin:80 - create IPUIPlugin
2024-12-28 20:12:39,292 [INFO] PluginManager:220 - loadIPPluginJar : add tim
2024-12-28 20:12:39,294 [INFO] IPUIPlugin:80 - create IPUIPlugin
2024-12-28 20:12:39,294 [INFO] PluginManager:220 - loadIPPluginJar : add quadspi
2024-12-28 20:12:39,297 [INFO] IPUIPlugin:80 - create IPUIPlugin
2024-12-28 20:12:39,297 [INFO] PluginManager:220 - loadIPPluginJar : add usart
2024-12-28 20:12:39,299 [INFO] IPUIPlugin:80 - create IPUIPlugin
2024-12-28 20:12:39,300 [INFO] PluginManager:220 - loadIPPluginJar : add radio
2024-12-28 20:12:39,302 [INFO] IPUIPlugin:80 - create IPUIPlugin
2024-12-28 20:12:39,302 [INFO] PluginManager:220 - loadIPPluginJar : add fatfs
2024-12-28 20:12:39,304 [INFO] IPUIPlugin:80 - create IPUIPlugin
2024-12-28 20:12:39,304 [INFO] PluginManager:220 - loadIPPluginJar : add tsc
2024-12-28 20:12:39,308 [INFO] IPUIPlugin:80 - create IPUIPlugin
2024-12-28 20:12:39,308 [INFO] PluginManager:220 - loadIPPluginJar : add pdm2pcm
2024-12-28 20:12:39,310 [INFO] IPUIPlugin:80 - create IPUIPlugin
2024-12-28 20:12:39,311 [INFO] PluginManager:220 - loadIPPluginJar : add hash
2024-12-28 20:12:39,313 [INFO] IPUIPlugin:80 - create IPUIPlugin
2024-12-28 20:12:39,313 [INFO] PluginManager:220 - loadIPPluginJar : add ucpd
2024-12-28 20:12:39,316 [INFO] IPUIPlugin:80 - create IPUIPlugin
2024-12-28 20:12:39,316 [INFO] PluginManager:220 - loadIPPluginJar : add i2c
2024-12-28 20:12:39,317 [INFO] IPUIPlugin:80 - create IPUIPlugin
2024-12-28 20:12:39,318 [INFO] PluginManager:220 - loadIPPluginJar : add comp
2024-12-28 20:12:39,319 [INFO] IPUIPlugin:80 - create IPUIPlugin
2024-12-28 20:12:39,320 [INFO] PluginManager:220 - loadIPPluginJar : add ts
2024-12-28 20:12:39,325 [INFO] IPUIPlugin:80 - create IPUIPlugin
2024-12-28 20:12:39,325 [INFO] PluginManager:220 - loadIPPluginJar : add gic
2024-12-28 20:12:39,328 [INFO] IPUIPlugin:80 - create IPUIPlugin
2024-12-28 20:12:39,328 [INFO] PluginManager:220 - loadIPPluginJar : add usbx
2024-12-28 20:12:39,331 [INFO] IPUIPlugin:80 - create IPUIPlugin
2024-12-28 20:12:39,332 [INFO] PluginManager:220 - loadIPPluginJar : add gtzc
2024-12-28 20:12:39,335 [INFO] IPUIPlugin:80 - create IPUIPlugin
2024-12-28 20:12:39,336 [INFO] PluginManager:220 - loadIPPluginJar : add resmgrutility
2024-12-28 20:12:39,338 [INFO] IPUIPlugin:80 - create IPUIPlugin
2024-12-28 20:12:39,339 [INFO] PluginManager:220 - loadIPPluginJar : add sai
2024-12-28 20:12:39,341 [INFO] IPUIPlugin:80 - create IPUIPlugin
2024-12-28 20:12:39,341 [INFO] PluginManager:220 - loadIPPluginJar : add ddr_ctrl_phy
2024-12-28 20:12:39,344 [INFO] IPUIPlugin:80 - create IPUIPlugin
2024-12-28 20:12:39,344 [INFO] PluginManager:220 - loadIPPluginJar : add lorawan
2024-12-28 20:12:39,350 [INFO] IPUIPlugin:80 - create IPUIPlugin
2024-12-28 20:12:39,351 [INFO] PluginManager:220 - loadIPPluginJar : add mdma
2024-12-28 20:12:39,353 [INFO] IPUIPlugin:80 - create IPUIPlugin
2024-12-28 20:12:39,353 [INFO] PluginManager:220 - loadIPPluginJar : add opamp
2024-12-28 20:12:39,357 [INFO] IPUIPlugin:80 - create IPUIPlugin
2024-12-28 20:12:39,357 [INFO] PluginManager:220 - loadIPPluginJar : add gpio
2024-12-28 20:12:39,359 [INFO] IPUIPlugin:80 - create IPUIPlugin
2024-12-28 20:12:39,359 [INFO] PluginManager:220 - loadIPPluginJar : add spi
2024-12-28 20:12:39,363 [INFO] IPUIPlugin:80 - create IPUIPlugin
2024-12-28 20:12:39,363 [INFO] PluginManager:220 - loadIPPluginJar : add nvic
2024-12-28 20:12:39,368 [INFO] IPUIPlugin:80 - create IPUIPlugin
2024-12-28 20:12:39,368 [INFO] PluginManager:220 - loadIPPluginJar : add stm32_wpan
2024-12-28 20:12:39,375 [INFO] IPUIPlugin:80 - create IPUIPlugin
2024-12-28 20:12:39,375 [INFO] PluginManager:220 - loadIPPluginJar : add linkedlist
2024-12-28 20:12:39,377 [INFO] IPUIPlugin:80 - create IPUIPlugin
2024-12-28 20:12:39,378 [INFO] PluginManager:220 - loadIPPluginJar : add extmemmanager
2024-12-28 20:12:39,380 [INFO] IPUIPlugin:80 - create IPUIPlugin
2024-12-28 20:12:39,380 [INFO] PluginManager:220 - loadIPPluginJar : add aes
2024-12-28 20:12:39,386 [INFO] IPUIPlugin:80 - create IPUIPlugin
2024-12-28 20:12:39,388 [INFO] PluginManager:220 - loadIPPluginJar : add plateformsettings
2024-12-28 20:12:39,391 [INFO] IPUIPlugin:80 - create IPUIPlugin
2024-12-28 20:12:39,392 [INFO] PluginManager:220 - loadIPPluginJar : add ipddr
2024-12-28 20:12:39,397 [INFO] IPUIPlugin:80 - create IPUIPlugin
2024-12-28 20:12:39,398 [INFO] PluginManager:220 - loadIPPluginJar : add dma
2024-12-28 20:12:39,401 [INFO] IPUIPlugin:80 - create IPUIPlugin
2024-12-28 20:12:39,402 [INFO] PluginManager:220 - loadIPPluginJar : add touchsensing
2024-12-28 20:12:39,406 [INFO] IPUIPlugin:80 - create IPUIPlugin
2024-12-28 20:12:39,406 [INFO] PluginManager:220 - loadIPPluginJar : add fmc
2024-12-28 20:12:39,408 [INFO] IPUIPlugin:80 - create IPUIPlugin
2024-12-28 20:12:39,409 [INFO] PluginManager:220 - loadIPPluginJar : add i3c
2024-12-28 20:12:39,411 [INFO] IPUIPlugin:80 - create IPUIPlugin
2024-12-28 20:12:39,412 [INFO] PluginManager:220 - loadIPPluginJar : add openamp
2024-12-28 20:12:39,419 [INFO] IPUIPlugin:80 - create IPUIPlugin
2024-12-28 20:12:39,419 [INFO] PluginManager:220 - loadIPPluginJar : add freertos
2024-12-28 20:12:39,422 [INFO] IPUIPlugin:80 - create IPUIPlugin
2024-12-28 20:12:39,422 [INFO] PluginManager:220 - loadIPPluginJar : add dfsdm
2024-12-28 20:12:39,424 [INFO] IPUIPlugin:80 - create IPUIPlugin
2024-12-28 20:12:39,425 [INFO] PluginManager:220 - loadIPPluginJar : add gfxmmu
2024-12-28 20:12:39,427 [INFO] IPUIPlugin:80 - create IPUIPlugin
2024-12-28 20:12:39,428 [INFO] PluginManager:220 - loadIPPluginJar : add dma3
2024-12-28 20:12:39,430 [INFO] IPUIPlugin:80 - create IPUIPlugin
2024-12-28 20:12:39,430 [INFO] PluginManager:220 - loadIPPluginJar : add can
2024-12-28 20:12:39,537 [FATAL] Updater:351 - Updater called before beeing initialized
2024-12-28 20:12:39,569 [INFO] RulesReader:64 - Compatibility file has been processed (297 Rules)
2024-12-28 20:12:39,580 [INFO] RulesReader:64 - Compatibility file has been processed (297 Rules)
2024-12-28 20:12:39,588 [INFO] CADModel:165 - CPN selected for project level
2024-12-28 20:12:39,588 [INFO] CADModel:114 - Register for checkConnection events
2024-12-28 20:12:39,588 [FATAL] Updater:351 - Updater called before beeing initialized
2024-12-28 20:12:39,588 [ERROR] CADModel:125 - Updater not yet initialized, retry later 
2024-12-28 20:12:39,729 [FATAL] Updater:351 - Updater called before beeing initialized
2024-12-28 20:12:39,731 [INFO] CADModel:165 - CPN selected for project level
2024-12-28 20:12:39,732 [INFO] CADModel:114 - Register for checkConnection events
2024-12-28 20:12:39,732 [FATAL] Updater:351 - Updater called before beeing initialized
2024-12-28 20:12:39,732 [ERROR] CADModel:125 - Updater not yet initialized, retry later 
2024-12-28 20:12:39,735 [FATAL] Updater:351 - Updater called before beeing initialized
2024-12-28 20:12:39,846 [FATAL] Updater:351 - Updater called before beeing initialized
2024-12-28 20:12:39,852 [INFO] DbMcusAds:53 - JSON generation date=Tue Dec 17 08:01:15 PST 2024 (1734451275222)
2024-12-28 20:12:39,852 [FATAL] Updater:351 - Updater called before beeing initialized
2024-12-28 20:12:39,906 [WARN] DetailPanel:346 - Failed to get advertising image, set to default
2024-12-28 20:12:40,236 [FATAL] Updater:351 - Updater called before beeing initialized
2024-12-28 20:12:40,238 [FATAL] Updater:351 - Updater called before beeing initialized
2024-12-28 20:12:40,238 [FATAL] Updater:351 - Updater called before beeing initialized
2024-12-28 20:12:40,239 [WARN] DetailPanel:346 - Failed to get advertising image, set to default
2024-12-28 20:12:40,239 [FATAL] Updater:351 - Updater called before beeing initialized
2024-12-28 20:12:40,284 [ERROR] Updater:1198 - MainUpdater not yet initialized. External WinMGr cannot be set.
2024-12-28 20:12:40,287 [INFO] Updater:1134 - Updater Version found : 6.13.0
2024-12-28 20:12:40,311 [INFO] ApplicationProperties:184 - Using Application install path: /opt/st/stm32cubeide_1.17.0/plugins/com.st.stm32cube.common.mx_6.13.0.202411220809
2024-12-28 20:12:40,568 [INFO] MainUpdater:2872 - connection check result : 10
2024-12-28 20:12:40,569 [INFO] MainUpdater:289 - Updater Check For Update Now.
2024-12-28 20:12:40,569 [INFO] MicroXplorer:498 - Change Database Version : DB.6.0.130
2024-12-28 20:12:40,575 [INFO] McuFinderGlobals:63 - Set McuFinder mode to 2 (CubeIDE integrated)
2024-12-28 20:12:40,576 [INFO] UserAuth:171 - activating auth plugin
2024-12-28 20:12:40,579 [INFO] UserAuth:486 - Internet connection configuration mode: 1
2024-12-28 20:12:40,599 [INFO] JxBrowserEngine:152 - Initiate JxBrowser Engine with user profile folder
2024-12-28 20:12:40,774 [INFO] CheckServerUpdateThread:120 - End of CheckServer Thread
2024-12-28 20:12:41,740 [INFO] WebApp:168 - Instantiating new browser for Auth
2024-12-28 20:12:41,958 [WARN] PackLoader:240 - Cannot read IP mode file for STMicroelectronics.FP-SNS-MOTENVWB1.1.4.0
2024-12-28 20:12:41,965 [WARN] PackLoader:240 - Cannot read IP mode file for STMicroelectronics.FP-ATR-ASTRA1.2.0.1
2024-12-28 20:12:41,973 [WARN] PackLoader:240 - Cannot read IP mode file for STMicroelectronics.X-CUBE-SMBUS.2.1.0
2024-12-28 20:12:41,985 [WARN] PackLoader:240 - Cannot read IP mode file for STMicroelectronics.X-CUBE-WB05N.1.1.0
2024-12-28 20:12:41,997 [WARN] PackLoader:240 - Cannot read IP mode file for STMicroelectronics.X-CUBE-TOUCHGFX.4.23.2
2024-12-28 20:12:42,051 [WARN] PackLoader:240 - Cannot read IP mode file for STMicroelectronics.X-CUBE-AZRTOS-F7.1.1.0
2024-12-28 20:12:42,160 [WARN] PackLoader:240 - Cannot read IP mode file for STMicroelectronics.X-CUBE-MEMS1.11.0.0
2024-12-28 20:12:42,408 [WARN] PackLoader:240 - Cannot read IP mode file for STMicroelectronics.X-CUBE-BLE1.6.2.4
2024-12-28 20:12:42,414 [WARN] PackLoader:240 - Cannot read IP mode file for STMicroelectronics.FP-SNS-FLIGHT1.5.0.2
2024-12-28 20:12:42,425 [WARN] PackLoader:240 - Cannot read IP mode file for STMicroelectronics.X-CUBE-DISPLAY.3.0.0
2024-12-28 20:12:42,438 [WARN] PackLoader:240 - Cannot read IP mode file for STMicroelectronics.X-CUBE-BLE1.7.0.0
2024-12-28 20:12:42,447 [WARN] PackLoader:240 - Cannot read IP mode file for STMicroelectronics.X-CUBE-NFC10.1.0.0
2024-12-28 20:12:42,464 [WARN] PackLoader:240 - Cannot read IP mode file for STMicroelectronics.X-CUBE-BLEMGR.4.0.0
2024-12-28 20:12:42,481 [WARN] PackLoader:240 - Cannot read IP mode file for STMicroelectronics.X-CUBE-BLEMGR.3.1.0
2024-12-28 20:12:42,487 [WARN] PackLoader:240 - Cannot read IP mode file for STMicroelectronics.FP-SNS-SMARTAG2.1.2.0
2024-12-28 20:12:42,558 [WARN] PackLoader:240 - Cannot read IP mode file for STMicroelectronics.X-CUBE-MEMS1.11.1.0
2024-12-28 20:12:42,805 [INFO] LogOutputStream:77 - [STDOUT_REDIRECT] 1 : Invalid condition id : UX_CORESTACK_Condition cause : null
2024-12-28 20:12:42,806 [INFO] LogOutputStream:77 - [STDOUT_REDIRECT] 1 : Invalid condition id : UX_CORESTACK_Condition cause : null
2024-12-28 20:12:42,806 [INFO] LogOutputStream:77 - [STDOUT_REDIRECT] 1 : Invalid condition id : UX_CORESTACK_Condition cause : null
2024-12-28 20:12:42,807 [INFO] LogOutputStream:77 - [STDOUT_REDIRECT] 1 : Invalid condition id : UX_CORESTACK_Condition cause : null
2024-12-28 20:12:42,807 [INFO] LogOutputStream:77 - [STDOUT_REDIRECT] 1 : Invalid condition id : UX_CORESTACK_Condition cause : null
2024-12-28 20:12:42,810 [WARN] PackLoader:240 - Cannot read IP mode file for STMicroelectronics.X-CUBE-AZRTOS-WL.2.0.0
2024-12-28 20:12:42,816 [WARN] PackLoader:240 - Cannot read IP mode file for STMicroelectronics.FP-SNS-MOTENV1.5.0.0
2024-12-28 20:12:42,821 [WARN] PackLoader:240 - Cannot read IP mode file for wolfSSL.I-CUBE-wolfMQTT.1.19.0
2024-12-28 20:12:42,827 [WARN] PackLoader:240 - Cannot read IP mode file for WES.I-CUBE-Cesium.1.3.0
2024-12-28 20:12:42,840 [WARN] PackLoader:240 - Cannot read IP mode file for STMicroelectronics.X-CUBE-BLE2.3.3.0
2024-12-28 20:12:42,855 [WARN] PackLoader:240 - Cannot read IP mode file for STMicroelectronics.X-CUBE-NFC9.1.0.0
2024-12-28 20:12:42,864 [WARN] PackLoader:240 - Cannot read IP mode file for STMicroelectronics.X-CUBE-TCPP.4.1.0
2024-12-28 20:12:42,869 [WARN] PackLoader:240 - Cannot read IP mode file for STMicroelectronics.X-CUBE-TOUCHGFX.4.21.3
2024-12-28 20:12:42,876 [WARN] PackLoader:240 - Cannot read IP mode file for STMicroelectronics.X-CUBE-ALGOBUILD.1.3.0
2024-12-28 20:12:42,897 [WARN] PackLoader:240 - Cannot read IP mode file for STMicroelectronics.X-CUBE-AZRTOS-G0.1.1.0
2024-12-28 20:12:42,906 [WARN] PackLoader:240 - Cannot read IP mode file for STMicroelectronics.X-CUBE-SAFEA1.1.2.2
2024-12-28 20:12:42,916 [WARN] PackLoader:240 - Cannot read IP mode file for STMicroelectronics.X-CUBE-NFC4.3.0.0
2024-12-28 20:12:42,932 [WARN] PackLoader:240 - Cannot read IP mode file for EmbeddedOffice.I-CUBE-FS-RTOS.1.0.1
2024-12-28 20:12:42,943 [WARN] PackLoader:240 - Cannot read IP mode file for STMicroelectronics.X-CUBE-TCPP.4.2.0
2024-12-28 20:12:42,952 [WARN] PackLoader:240 - Cannot read IP mode file for RealThread.X-CUBE-RT-Thread_Nano.4.1.1
2024-12-28 20:12:42,959 [WARN] PackLoader:240 - Cannot read IP mode file for STMicroelectronics.FP-ATR-SIGFOX1.3.2.0
2024-12-28 20:12:42,966 [WARN] ConditionMgr:438 - getConditionDescription Invalid condition id : Cortex-A Device cause : null
2024-12-28 20:12:42,998 [WARN] ConditionMgr:1044 - genDependencies : Invalid condition id : Cortex-A Device cause : null
2024-12-28 20:12:42,998 [WARN] ConditionMgr:1044 - genDependencies : Invalid condition id : Cortex-A Device cause : null
2024-12-28 20:12:42,998 [WARN] ConditionMgr:1044 - genDependencies : Invalid condition id : Cortex-A Device cause : null
2024-12-28 20:12:43,015 [WARN] PackLoader:240 - Cannot read IP mode file for STMicroelectronics.X-CUBE-EEPRMA1.5.1.0
2024-12-28 20:12:43,029 [WARN] PackLoader:240 - Cannot read IP mode file for ITTIA_DB.I-CUBE-ITTIADB.8.9.0
2024-12-28 20:12:43,064 [WARN] PackLoader:240 - Cannot read IP mode file for SEGGER.I-CUBE-embOS.1.3.1
2024-12-28 20:12:43,092 [INFO] WebApp:449 - Apply proxy settings
2024-12-28 20:12:43,092 [INFO] WebApp:534 - Chromium requires no authentication
2024-12-28 20:12:43,103 [INFO] WebApp:477 - Direct internet connection detected
2024-12-28 20:12:43,120 [WARN] PackLoader:240 - Cannot read IP mode file for STMicroelectronics.X-CUBE-ALGOBUILD.1.4.0
2024-12-28 20:12:43,124 [WARN] PackLoader:240 - Cannot read IP mode file for STMicroelectronics.X-CUBE-AI.9.1.0
2024-12-28 20:12:43,131 [WARN] PackLoader:240 - Cannot read IP mode file for STMicroelectronics.X-CUBE-GNSS1.6.0.0
2024-12-28 20:12:43,133 [INFO] WebApp:880 - Register for checkConnection events
2024-12-28 20:12:43,133 [INFO] WebApp:449 - Apply proxy settings
2024-12-28 20:12:43,133 [INFO] WebApp:534 - Chromium requires no authentication
2024-12-28 20:12:43,134 [INFO] WebApp:477 - Direct internet connection detected
2024-12-28 20:12:43,149 [WARN] PackLoader:240 - Cannot read IP mode file for STMicroelectronics.X-CUBE-AZRTOS-F4.1.1.0
2024-12-28 20:12:43,155 [WARN] PackLoader:240 - Cannot read IP mode file for wolfSSL.I-CUBE-wolfSSL.5.6.0
2024-12-28 20:12:43,159 [WARN] PackLoader:240 - Cannot read IP mode file for STMicroelectronics.X-CUBE-ISPU.2.1.0
2024-12-28 20:12:43,166 [WARN] PackLoader:240 - Cannot read IP mode file for STMicroelectronics.X-CUBE-FREERTOS.1.2.0
2024-12-28 20:12:43,190 [WARN] PackLoader:240 - Cannot read IP mode file for STMicroelectronics.X-CUBE-AZRTOS-L5.2.0.0
2024-12-28 20:12:43,243 [WARN] PackLoader:240 - Cannot read IP mode file for STMicroelectronics.X-CUBE-MEMS1.9.6.0
2024-12-28 20:12:43,436 [INFO] WebApp:221 - Starting web application
2024-12-28 20:12:43,438 [INFO] WebApp:579 - Web application path used /opt/st/stm32cubeide_1.17.0/plugins/com.st.stm32cube.common.mx_6.13.0.202411220809/db/plugins/mcufinder/reactClient1/index.html
2024-12-28 20:12:43,448 [INFO] WebApp:187 - Connection restablished
2024-12-28 20:12:43,451 [WARN] PackLoader:240 - Cannot read IP mode file for STMicroelectronics.X-CUBE-NFC6.3.1.0
2024-12-28 20:12:43,463 [WARN] PackLoader:240 - Cannot read IP mode file for emotas.I-CUBE-CANOPEN.1.1.3
2024-12-28 20:12:43,473 [WARN] PackLoader:240 - Cannot read IP mode file for STMicroelectronics.X-CUBE-BLEMGR.2.0.0
2024-12-28 20:12:43,482 [WARN] PackLoader:240 - Cannot read IP mode file for STMicroelectronics.X-CUBE-DPower.1.2.0
2024-12-28 20:12:43,490 [WARN] PackLoader:240 - Cannot read IP mode file for STMicroelectronics.X-CUBE-AI.9.0.0
2024-12-28 20:12:43,526 [WARN] ConditionMgr:438 - getConditionDescription Invalid condition id : UX DEVICE CLASS RTOS Condition cause : null
2024-12-28 20:12:43,527 [WARN] ConditionMgr:438 - getConditionDescription Invalid condition id : UX DEVICE CLASS RTOS Condition cause : null
2024-12-28 20:12:43,532 [WARN] PackLoader:240 - Cannot read IP mode file for STMicroelectronics.X-CUBE-AZRTOS-H7.3.1.0
2024-12-28 20:12:43,534 [WARN] ConditionMgr:1044 - genDependencies : Invalid condition id : UX DEVICE CLASS RTOS Condition cause : null
2024-12-28 20:12:43,534 [WARN] ConditionMgr:1044 - genDependencies : Invalid condition id : UX DEVICE CLASS RTOS Condition cause : null
2024-12-28 20:12:43,535 [WARN] ConditionMgr:1044 - genDependencies : Invalid condition id : UX DEVICE CLASS RTOS Condition cause : null
2024-12-28 20:12:43,536 [WARN] ConditionMgr:1044 - genDependencies : Invalid condition id : UX DEVICE CLASS RTOS Condition cause : null
2024-12-28 20:12:43,537 [WARN] ConditionMgr:1044 - genDependencies : Invalid condition id : UX DEVICE CLASS RTOS Condition cause : null
2024-12-28 20:12:43,545 [WARN] PackLoader:240 - Cannot read IP mode file for STMicroelectronics.X-CUBE-FREERTOS.1.3.0
2024-12-28 20:12:43,565 [WARN] PackLoader:240 - Cannot read IP mode file for STMicroelectronics.X-CUBE-NFC7.1.0.1
2024-12-28 20:12:43,577 [WARN] PackLoader:240 - Cannot read IP mode file for STMicroelectronics.X-CUBE-NFC7.1.0.0
2024-12-28 20:12:43,587 [WARN] PackLoader:240 - Cannot read IP mode file for STMicroelectronics.X-CUBE-EEPRMA1.4.1.0
2024-12-28 20:12:43,626 [WARN] ConditionMgr:438 - getConditionDescription Invalid condition id : LAN8742 Phy interface Condition cause : null
2024-12-28 20:12:43,628 [WARN] PackLoader:240 - Cannot read IP mode file for STMicroelectronics.X-CUBE-AZRTOS-L4.2.0.0
2024-12-28 20:12:43,630 [WARN] ConditionMgr:1044 - genDependencies : Invalid condition id : LAN8742 Phy interface Condition cause : null
2024-12-28 20:12:43,630 [WARN] ConditionMgr:1044 - genDependencies : Invalid condition id : LAN8742 Phy interface Condition cause : null
2024-12-28 20:12:43,631 [WARN] ConditionMgr:1044 - genDependencies : Invalid condition id : LAN8742 Phy interface Condition cause : null
2024-12-28 20:12:43,660 [WARN] PackLoader:240 - Cannot read IP mode file for STMicroelectronics.X-CUBE-SFXS2LP1.4.0.0
2024-12-28 20:12:43,671 [WARN] PackLoader:240 - Cannot read IP mode file for STMicroelectronics.X-CUBE-ISPU.1.1.0
2024-12-28 20:12:43,729 [WARN] PackLoader:240 - Cannot read IP mode file for STMicroelectronics.X-CUBE-AZRTOS-H7.3.3.0
2024-12-28 20:12:43,746 [WARN] PackLoader:240 - Cannot read IP mode file for STMicroelectronics.X-CUBE-AI.8.0.0
2024-12-28 20:12:43,772 [WARN] PackLoader:240 - Cannot read IP mode file for STMicroelectronics.X-CUBE-IPS.3.0.0
2024-12-28 20:12:43,824 [WARN] ConditionMgr:438 - getConditionDescription Invalid condition id : UX DEVICE CLASS RTOS Condition cause : null
2024-12-28 20:12:43,825 [WARN] ConditionMgr:438 - getConditionDescription Invalid condition id : UX DEVICE CLASS RTOS Condition cause : null
2024-12-28 20:12:43,833 [WARN] PackLoader:240 - Cannot read IP mode file for STMicroelectronics.X-CUBE-AZRTOS-WB.2.0.0
2024-12-28 20:12:43,834 [WARN] ConditionMgr:1044 - genDependencies : Invalid condition id : UX DEVICE CLASS RTOS Condition cause : null
2024-12-28 20:12:43,834 [WARN] ConditionMgr:1044 - genDependencies : Invalid condition id : UX DEVICE CLASS RTOS Condition cause : null
2024-12-28 20:12:43,843 [WARN] ConditionMgr:1044 - genDependencies : Invalid condition id : UX DEVICE CLASS RTOS Condition cause : null
2024-12-28 20:12:43,843 [WARN] ConditionMgr:1044 - genDependencies : Invalid condition id : UX DEVICE CLASS RTOS Condition cause : null
2024-12-28 20:12:43,843 [WARN] ConditionMgr:1044 - genDependencies : Invalid condition id : UX DEVICE CLASS RTOS Condition cause : null
2024-12-28 20:12:43,858 [WARN] PackLoader:240 - Cannot read IP mode file for STMicroelectronics.X-CUBE-FREERTOS.1.0.1
2024-12-28 20:12:43,891 [WARN] PackLoader:240 - Cannot read IP mode file for STMicroelectronics.X-CUBE-GNSS1.7.0.0
2024-12-28 20:12:43,911 [WARN] PackLoader:240 - Cannot read IP mode file for STMicroelectronics.X-CUBE-GNSS1.7.0.1
2024-12-28 20:12:43,925 [WARN] PackLoader:240 - Cannot read IP mode file for STMicroelectronics.FP-SNS-STBOX1.2.0.0
2024-12-28 20:12:43,955 [WARN] PackLoader:240 - Cannot read IP mode file for STMicroelectronics.X-CUBE-AZRTOS-L5.1.1.0
2024-12-28 20:12:43,973 [WARN] PackLoader:240 - Cannot read IP mode file for STMicroelectronics.X-CUBE-SUBG2.5.0.0
2024-12-28 20:12:44,032 [WARN] PackLoader:240 - Cannot read IP mode file for STMicroelectronics.X-CUBE-AZRTOS-G4.2.0.0
2024-12-28 20:12:44,050 [WARN] PackLoader:240 - Cannot read IP mode file for STMicroelectronics.X-CUBE-TOF1.3.3.0
2024-12-28 20:12:44,089 [WARN] PackLoader:240 - Cannot read IP mode file for STMicroelectronics.X-CUBE-AZRTOS-L4.1.0.0
2024-12-28 20:12:44,097 [WARN] PackLoader:240 - Cannot read IP mode file for STMicroelectronics.X-CUBE-ISPU.2.0.0
2024-12-28 20:12:44,102 [WARN] PackLoader:240 - Cannot read IP mode file for STMicroelectronics.X-CUBE-ALS.1.0.2
2024-12-28 20:12:44,197 [WARN] PackLoader:240 - Cannot read IP mode file for STMicroelectronics.X-CUBE-MEMS1.10.0.0
2024-12-28 20:12:44,387 [WARN] PackLoader:240 - Cannot read IP mode file for STMicroelectronics.X-CUBE-AZRTOS-WL.1.0.0
2024-12-28 20:12:44,398 [WARN] PackLoader:240 - Cannot read IP mode file for STMicroelectronics.X-CUBE-TOUCHGFX.4.24.1
2024-12-28 20:12:44,406 [WARN] PackLoader:240 - Cannot read IP mode file for wolfSSL.I-CUBE-wolfTPM.3.4.0
2024-12-28 20:12:44,413 [WARN] PackLoader:240 - Cannot read IP mode file for portGmbH.I-Cube-SoM-uGOAL.1.1.0
2024-12-28 20:12:44,419 [WARN] PackLoader:240 - Cannot read IP mode file for STMicroelectronics.X-CUBE-ALS.1.0.1
2024-12-28 20:12:44,448 [WARN] PackLoader:240 - Cannot read IP mode file for STMicroelectronics.X-CUBE-AZRTOS-WB.1.1.0
2024-12-28 20:12:44,478 [WARN] PackLoader:240 - Cannot read IP mode file for STMicroelectronics.X-CUBE-AZRTOS-H7RS.1.0.0
2024-12-28 20:12:44,485 [WARN] PackLoader:240 - Cannot read IP mode file for STMicroelectronics.FP-ATR-ASTRA1.2.0.0
2024-12-28 20:12:44,506 [WARN] PackLoader:240 - Cannot read IP mode file for STMicroelectronics.X-CUBE-TOF1.3.4.2
2024-12-28 20:12:44,567 [WARN] PackLoader:240 - Cannot read IP mode file for STMicroelectronics.X-CUBE-TOF1.3.4.1
2024-12-28 20:12:44,631 [WARN] PackLoader:240 - Cannot read IP mode file for STMicroelectronics.X-CUBE-AZRTOS-H7.3.2.0
2024-12-28 20:12:44,683 [WARN] PackLoader:240 - Cannot read IP mode file for Infineon.AIROC-Wi-Fi-Bluetooth-STM32.1.6.0
2024-12-28 20:12:44,695 [WARN] PackLoader:240 - Cannot read IP mode file for wolfSSL.I-CUBE-wolfSSH.1.4.17
2024-12-28 20:12:44,695 [INFO] ThirdParty:978 - Integrity check success = true
2024-12-28 20:12:44,696 [INFO] IntegrityCheckThread:100 - exiting critical section [integrity check]
2024-12-28 20:12:44,696 [INFO] IntegrityCheckThread:103 - End integrity checks thread
